# JRE version: Java(TM) SE Runtime Environment (8.0_271-b09) (build 1.8.0_271-b09)
# Java VM: Java HotSpot(TM) 64-Bit Server VM (25.271-b09 mixed mode windows-amd64 compressed oops)
Heap:
 PSYoungGen      total 328704K, used 191362K [0x000000076dc00000, 0x000000078be00000, 0x00000007c0000000)
  eden space 311808K, 61% used [0x000000076dc00000,0x00000007796e0b70,0x0000000780c80000)
  from space 16896K, 0% used [0x0000000780c80000,0x0000000780c80000,0x0000000781d00000)
  to   space 18944K, 0% used [0x000000078ab80000,0x000000078ab80000,0x000000078be00000)
 ParOldGen       total 146944K, used 26248K [0x00000006c9400000, 0x00000006d2380000, 0x000000076dc00000)
  object space 146944K, 17% used [0x00000006c9400000,0x00000006cada2340,0x00000006d2380000)
 Metaspace       used 60597K, capacity 64932K, committed 65280K, reserved 1105920K
  class space    used 8396K, capacity 9105K, committed 9216K, reserved 1048576K
GC Heap History (10 events):
Event: 2.839 GC heap before
{Heap before GC invocations=8 (full 1):
 PSYoungGen      total 178688K, used 14316K [0x000000076dc00000, 0x000000077b680000, 0x00000007c0000000)
  eden space 167424K, 1% used [0x000000076dc00000,0x000000076defd4c0,0x0000000777f80000)
  from space 11264K, 99% used [0x0000000778c80000,0x000000077977dbb0,0x0000000779780000)
  to   space 13312K, 0% used [0x0000000777f80000,0x0000000777f80000,0x0000000778c80000)
 ParOldGen       total 95744K, used 7542K [0x00000006c9400000, 0x00000006cf180000, 0x000000076dc00000)
  object space 95744K, 7% used [0x00000006c9400000,0x00000006c9b5d828,0x00000006cf180000)
 Metaspace       used 33014K, capacity 35392K, committed 35456K, reserved 1079296K
  class space    used 4468K, capacity 4930K, committed 4992K, reserved 1048576K
Event: 2.843 GC heap after
Heap after GC invocations=8 (full 1):
 PSYoungGen      total 180736K, used 6110K [0x000000076dc00000, 0x0000000782d80000, 0x00000007c0000000)
  eden space 167424K, 0% used [0x000000076dc00000,0x000000076dc00000,0x0000000777f80000)
  from space 13312K, 45% used [0x0000000777f80000,0x0000000778577bf0,0x0000000778c80000)
  to   space 13312K, 0% used [0x0000000782080000,0x0000000782080000,0x0000000782d80000)
 ParOldGen       total 95744K, used 7550K [0x00000006c9400000, 0x00000006cf180000, 0x000000076dc00000)
  object space 95744K, 7% used [0x00000006c9400000,0x00000006c9b5f828,0x00000006cf180000)
 Metaspace       used 33014K, capacity 35392K, committed 35456K, reserved 1079296K
  class space    used 4468K, capacity 4930K, committed 4992K, reserved 1048576K
}
Event: 2.843 GC heap before
{Heap before GC invocations=9 (full 2):
 PSYoungGen      total 180736K, used 6110K [0x000000076dc00000, 0x0000000782d80000, 0x00000007c0000000)
  eden space 167424K, 0% used [0x000000076dc00000,0x000000076dc00000,0x0000000777f80000)
  from space 13312K, 45% used [0x0000000777f80000,0x0000000778577bf0,0x0000000778c80000)
  to   space 13312K, 0% used [0x0000000782080000,0x0000000782080000,0x0000000782d80000)
 ParOldGen       total 95744K, used 7550K [0x00000006c9400000, 0x00000006cf180000, 0x000000076dc00000)
  object space 95744K, 7% used [0x00000006c9400000,0x00000006c9b5f828,0x00000006cf180000)
 Metaspace       used 33014K, capacity 35392K, committed 35456K, reserved 1079296K
  class space    used 4468K, capacity 4930K, committed 4992K, reserved 1048576K
Event: 2.871 GC heap after
Heap after GC invocations=9 (full 2):
 PSYoungGen      total 180736K, used 0K [0x000000076dc00000, 0x0000000782d80000, 0x00000007c0000000)
  eden space 167424K, 0% used [0x000000076dc00000,0x000000076dc00000,0x0000000777f80000)
  from space 13312K, 0% used [0x0000000777f80000,0x0000000777f80000,0x0000000778c80000)
  to   space 13312K, 0% used [0x0000000782080000,0x0000000782080000,0x0000000782d80000)
 ParOldGen       total 113152K, used 10880K [0x00000006c9400000, 0x00000006d0280000, 0x000000076dc00000)
  object space 113152K, 9% used [0x00000006c9400000,0x00000006c9ea0368,0x00000006d0280000)
 Metaspace       used 33014K, capacity 35392K, committed 35456K, reserved 1079296K
  class space    used 4468K, capacity 4930K, committed 4992K, reserved 1048576K
}
Event: 4.667 GC heap before
{Heap before GC invocations=10 (full 2):
 PSYoungGen      total 180736K, used 167424K [0x000000076dc00000, 0x0000000782d80000, 0x00000007c0000000)
  eden space 167424K, 100% used [0x000000076dc00000,0x0000000777f80000,0x0000000777f80000)
  from space 13312K, 0% used [0x0000000777f80000,0x0000000777f80000,0x0000000778c80000)
  to   space 13312K, 0% used [0x0000000782080000,0x0000000782080000,0x0000000782d80000)
 ParOldGen       total 113152K, used 10880K [0x00000006c9400000, 0x00000006d0280000, 0x000000076dc00000)
  object space 113152K, 9% used [0x00000006c9400000,0x00000006c9ea0368,0x00000006d0280000)
 Metaspace       used 47236K, capacity 50194K, committed 50304K, reserved 1093632K
  class space    used 6476K, capacity 7014K, committed 7040K, reserved 1048576K
Event: 4.678 GC heap after
Heap after GC invocations=10 (full 2):
 PSYoungGen      total 321024K, used 13304K [0x000000076dc00000, 0x0000000782d80000, 0x00000007c0000000)
  eden space 307712K, 0% used [0x000000076dc00000,0x000000076dc00000,0x0000000780880000)
  from space 13312K, 99% used [0x0000000782080000,0x0000000782d7e1b0,0x0000000782d80000)
  to   space 16896K, 0% used [0x0000000780c80000,0x0000000780c80000,0x0000000781d00000)
 ParOldGen       total 113152K, used 15080K [0x00000006c9400000, 0x00000006d0280000, 0x000000076dc00000)
  object space 113152K, 13% used [0x00000006c9400000,0x00000006ca2ba150,0x00000006d0280000)
 Metaspace       used 47236K, capacity 50194K, committed 50304K, reserved 1093632K
  class space    used 6476K, capacity 7014K, committed 7040K, reserved 1048576K
}
Event: 5.629 GC heap before
{Heap before GC invocations=11 (full 2):
 PSYoungGen      total 321024K, used 127542K [0x000000076dc00000, 0x0000000782d80000, 0x00000007c0000000)
  eden space 307712K, 37% used [0x000000076dc00000,0x0000000774b8f850,0x0000000780880000)
  from space 13312K, 99% used [0x0000000782080000,0x0000000782d7e1b0,0x0000000782d80000)
  to   space 16896K, 0% used [0x0000000780c80000,0x0000000780c80000,0x0000000781d00000)
 ParOldGen       total 113152K, used 15080K [0x00000006c9400000, 0x00000006d0280000, 0x000000076dc00000)
  object space 113152K, 13% used [0x00000006c9400000,0x00000006ca2ba150,0x00000006d0280000)
 Metaspace       used 55391K, capacity 59060K, committed 59096K, reserved 1099776K
  class space    used 7680K, capacity 8303K, committed 8320K, reserved 1048576K
Event: 5.639 GC heap after
Heap after GC invocations=11 (full 2):
 PSYoungGen      total 328704K, used 16663K [0x000000076dc00000, 0x000000078be00000, 0x00000007c0000000)
  eden space 311808K, 0% used [0x000000076dc00000,0x000000076dc00000,0x0000000780c80000)
  from space 16896K, 98% used [0x0000000780c80000,0x0000000781cc5d60,0x0000000781d00000)
  to   space 18944K, 0% used [0x000000078ab80000,0x000000078ab80000,0x000000078be00000)
 ParOldGen       total 113152K, used 15096K [0x00000006c9400000, 0x00000006d0280000, 0x000000076dc00000)
  object space 113152K, 13% used [0x00000006c9400000,0x00000006ca2be160,0x00000006d0280000)
 Metaspace       used 55391K, capacity 59060K, committed 59096K, reserved 1099776K
  class space    used 7680K, capacity 8303K, committed 8320K, reserved 1048576K
}
Event: 5.639 GC heap before
{Heap before GC invocations=12 (full 3):
 PSYoungGen      total 328704K, used 16663K [0x000000076dc00000, 0x000000078be00000, 0x00000007c0000000)
  eden space 311808K, 0% used [0x000000076dc00000,0x000000076dc00000,0x0000000780c80000)
  from space 16896K, 98% used [0x0000000780c80000,0x0000000781cc5d60,0x0000000781d00000)
  to   space 18944K, 0% used [0x000000078ab80000,0x000000078ab80000,0x000000078be00000)
 ParOldGen       total 113152K, used 15096K [0x00000006c9400000, 0x00000006d0280000, 0x000000076dc00000)
  object space 113152K, 13% used [0x00000006c9400000,0x00000006ca2be160,0x00000006d0280000)
 Metaspace       used 55391K, capacity 59060K, committed 59096K, reserved 1099776K
  class space    used 7680K, capacity 8303K, committed 8320K, reserved 1048576K
Event: 5.753 GC heap after
Heap after GC invocations=12 (full 3):
 PSYoungGen      total 328704K, used 0K [0x000000076dc00000, 0x000000078be00000, 0x00000007c0000000)
  eden space 311808K, 0% used [0x000000076dc00000,0x000000076dc00000,0x0000000780c80000)
  from space 16896K, 0% used [0x0000000780c80000,0x0000000780c80000,0x0000000781d00000)
  to   space 18944K, 0% used [0x000000078ab80000,0x000000078ab80000,0x000000078be00000)
 ParOldGen       total 146944K, used 26248K [0x00000006c9400000, 0x00000006d2380000, 0x000000076dc00000)
  object space 146944K, 17% used [0x00000006c9400000,0x00000006cada2340,0x00000006d2380000)
 Metaspace       used 55391K, capacity 59060K, committed 59096K, reserved 1099776K
  class space    used 7680K, capacity 8303K, committed 8320K, reserved 1048576K
}

