# JRE version: Java(TM) SE Runtime Environment (8.0_271-b09) (build 1.8.0_271-b09)
# Java VM: Java HotSpot(TM) 64-Bit Server VM (25.271-b09 mixed mode windows-amd64 compressed oops)
Heap:
 PSYoungGen      total 138240K, used 74262K [0x000000076dc00000, 0x000000077ae00000, 0x00000007c0000000)
  eden space 128000K, 50% used [0x000000076dc00000,0x0000000771a8ca80,0x0000000775900000)
  from space 10240K, 99% used [0x0000000775900000,0x00000007762f8df0,0x0000000776300000)
  to   space 19456K, 0% used [0x0000000779b00000,0x0000000779b00000,0x000000077ae00000)
 ParOldGen       total 123392K, used 22158K [0x00000006c9400000, 0x00000006d0c80000, 0x000000076dc00000)
  object space 123392K, 17% used [0x00000006c9400000,0x00000006ca9a3998,0x00000006d0c80000)
 Metaspace       used 25037K, capacity 25790K, committed 25984K, reserved 1073152K
  class space    used 2903K, capacity 3140K, committed 3200K, reserved 1048576K
GC Heap History (10 events):
Event: 2.225 GC heap before
{Heap before GC invocations=2 (full 0):
 PSYoungGen      total 74240K, used 71624K [0x000000076dc00000, 0x0000000772e80000, 0x00000007c0000000)
  eden space 64000K, 100% used [0x000000076dc00000,0x0000000771a80000,0x0000000771a80000)
  from space 10240K, 74% used [0x0000000771a80000,0x00000007721f21b8,0x0000000772480000)
  to   space 10240K, 0% used [0x0000000772480000,0x0000000772480000,0x0000000772e80000)
 ParOldGen       total 169472K, used 16K [0x00000006c9400000, 0x00000006d3980000, 0x000000076dc00000)
  object space 169472K, 0% used [0x00000006c9400000,0x00000006c9404000,0x00000006d3980000)
 Metaspace       used 15524K, capacity 15828K, committed 16128K, reserved 1062912K
  class space    used 1873K, capacity 1976K, committed 2048K, reserved 1048576K
Event: 2.234 GC heap after
Heap after GC invocations=2 (full 0):
 PSYoungGen      total 74240K, used 10217K [0x000000076dc00000, 0x0000000772e80000, 0x00000007c0000000)
  eden space 64000K, 0% used [0x000000076dc00000,0x000000076dc00000,0x0000000771a80000)
  from space 10240K, 99% used [0x0000000772480000,0x0000000772e7a7f0,0x0000000772e80000)
  to   space 10240K, 0% used [0x0000000771a80000,0x0000000771a80000,0x0000000772480000)
 ParOldGen       total 169472K, used 934K [0x00000006c9400000, 0x00000006d3980000, 0x000000076dc00000)
  object space 169472K, 0% used [0x00000006c9400000,0x00000006c94e99d0,0x00000006d3980000)
 Metaspace       used 15524K, capacity 15828K, committed 16128K, reserved 1062912K
  class space    used 1873K, capacity 1976K, committed 2048K, reserved 1048576K
}
Event: 2.743 GC heap before
{Heap before GC invocations=3 (full 0):
 PSYoungGen      total 74240K, used 74217K [0x000000076dc00000, 0x0000000772e80000, 0x00000007c0000000)
  eden space 64000K, 100% used [0x000000076dc00000,0x0000000771a80000,0x0000000771a80000)
  from space 10240K, 99% used [0x0000000772480000,0x0000000772e7a7f0,0x0000000772e80000)
  to   space 10240K, 0% used [0x0000000771a80000,0x0000000771a80000,0x0000000772480000)
 ParOldGen       total 169472K, used 934K [0x00000006c9400000, 0x00000006d3980000, 0x000000076dc00000)
  object space 169472K, 0% used [0x00000006c9400000,0x00000006c94e99d0,0x00000006d3980000)
 Metaspace       used 16311K, capacity 16594K, committed 16896K, reserved 1064960K
  class space    used 1915K, capacity 2013K, committed 2048K, reserved 1048576K
Event: 2.753 GC heap after
Heap after GC invocations=3 (full 0):
 PSYoungGen      total 74240K, used 10208K [0x000000076dc00000, 0x0000000776d00000, 0x00000007c0000000)
  eden space 64000K, 0% used [0x000000076dc00000,0x000000076dc00000,0x0000000771a80000)
  from space 10240K, 99% used [0x0000000771a80000,0x0000000772478040,0x0000000772480000)
  to   space 10240K, 0% used [0x0000000776300000,0x0000000776300000,0x0000000776d00000)
 ParOldGen       total 169472K, used 2542K [0x00000006c9400000, 0x00000006d3980000, 0x000000076dc00000)
  object space 169472K, 1% used [0x00000006c9400000,0x00000006c967bb40,0x00000006d3980000)
 Metaspace       used 16311K, capacity 16594K, committed 16896K, reserved 1064960K
  class space    used 1915K, capacity 2013K, committed 2048K, reserved 1048576K
}
Event: 3.484 GC heap before
{Heap before GC invocations=4 (full 0):
 PSYoungGen      total 74240K, used 73007K [0x000000076dc00000, 0x0000000776d00000, 0x00000007c0000000)
  eden space 64000K, 98% used [0x000000076dc00000,0x0000000771953f40,0x0000000771a80000)
  from space 10240K, 99% used [0x0000000771a80000,0x0000000772478040,0x0000000772480000)
  to   space 10240K, 0% used [0x0000000776300000,0x0000000776300000,0x0000000776d00000)
 ParOldGen       total 169472K, used 2542K [0x00000006c9400000, 0x00000006d3980000, 0x000000076dc00000)
  object space 169472K, 1% used [0x00000006c9400000,0x00000006c967bb40,0x00000006d3980000)
 Metaspace       used 20613K, capacity 21120K, committed 21296K, reserved 1069056K
  class space    used 2457K, capacity 2626K, committed 2688K, reserved 1048576K
Event: 3.495 GC heap after
Heap after GC invocations=4 (full 0):
 PSYoungGen      total 138240K, used 10224K [0x000000076dc00000, 0x0000000776d00000, 0x00000007c0000000)
  eden space 128000K, 0% used [0x000000076dc00000,0x000000076dc00000,0x0000000775900000)
  from space 10240K, 99% used [0x0000000776300000,0x0000000776cfc030,0x0000000776d00000)
  to   space 10240K, 0% used [0x0000000775900000,0x0000000775900000,0x0000000776300000)
 ParOldGen       total 169472K, used 7276K [0x00000006c9400000, 0x00000006d3980000, 0x000000076dc00000)
  object space 169472K, 4% used [0x00000006c9400000,0x00000006c9b1b228,0x00000006d3980000)
 Metaspace       used 20613K, capacity 21120K, committed 21296K, reserved 1069056K
  class space    used 2457K, capacity 2626K, committed 2688K, reserved 1048576K
}
Event: 3.495 GC heap before
{Heap before GC invocations=5 (full 1):
 PSYoungGen      total 138240K, used 10224K [0x000000076dc00000, 0x0000000776d00000, 0x00000007c0000000)
  eden space 128000K, 0% used [0x000000076dc00000,0x000000076dc00000,0x0000000775900000)
  from space 10240K, 99% used [0x0000000776300000,0x0000000776cfc030,0x0000000776d00000)
  to   space 10240K, 0% used [0x0000000775900000,0x0000000775900000,0x0000000776300000)
 ParOldGen       total 169472K, used 7276K [0x00000006c9400000, 0x00000006d3980000, 0x000000076dc00000)
  object space 169472K, 4% used [0x00000006c9400000,0x00000006c9b1b228,0x00000006d3980000)
 Metaspace       used 20613K, capacity 21120K, committed 21296K, reserved 1069056K
  class space    used 2457K, capacity 2626K, committed 2688K, reserved 1048576K
Event: 3.553 GC heap after
Heap after GC invocations=5 (full 1):
 PSYoungGen      total 138240K, used 0K [0x000000076dc00000, 0x0000000776d00000, 0x00000007c0000000)
  eden space 128000K, 0% used [0x000000076dc00000,0x000000076dc00000,0x0000000775900000)
  from space 10240K, 0% used [0x0000000776300000,0x0000000776300000,0x0000000776d00000)
  to   space 10240K, 0% used [0x0000000775900000,0x0000000775900000,0x0000000776300000)
 ParOldGen       total 123392K, used 15713K [0x00000006c9400000, 0x00000006d0c80000, 0x000000076dc00000)
  object space 123392K, 12% used [0x00000006c9400000,0x00000006ca358460,0x00000006d0c80000)
 Metaspace       used 20613K, capacity 21120K, committed 21296K, reserved 1069056K
  class space    used 2457K, capacity 2626K, committed 2688K, reserved 1048576K
}
Event: 5.409 GC heap before
{Heap before GC invocations=6 (full 1):
 PSYoungGen      total 138240K, used 128000K [0x000000076dc00000, 0x0000000776d00000, 0x00000007c0000000)
  eden space 128000K, 100% used [0x000000076dc00000,0x0000000775900000,0x0000000775900000)
  from space 10240K, 0% used [0x0000000776300000,0x0000000776300000,0x0000000776d00000)
  to   space 10240K, 0% used [0x0000000775900000,0x0000000775900000,0x0000000776300000)
 ParOldGen       total 123392K, used 15713K [0x00000006c9400000, 0x00000006d0c80000, 0x000000076dc00000)
  object space 123392K, 12% used [0x00000006c9400000,0x00000006ca358460,0x00000006d0c80000)
 Metaspace       used 24411K, capacity 25104K, committed 25344K, reserved 1071104K
  class space    used 2844K, capacity 3056K, committed 3072K, reserved 1048576K
Event: 5.420 GC heap after
Heap after GC invocations=6 (full 1):
 PSYoungGen      total 138240K, used 10211K [0x000000076dc00000, 0x000000077ae00000, 0x00000007c0000000)
  eden space 128000K, 0% used [0x000000076dc00000,0x000000076dc00000,0x0000000775900000)
  from space 10240K, 99% used [0x0000000775900000,0x00000007762f8df0,0x0000000776300000)
  to   space 19456K, 0% used [0x0000000779b00000,0x0000000779b00000,0x000000077ae00000)
 ParOldGen       total 123392K, used 22158K [0x00000006c9400000, 0x00000006d0c80000, 0x000000076dc00000)
  object space 123392K, 17% used [0x00000006c9400000,0x00000006ca9a3998,0x00000006d0c80000)
 Metaspace       used 24411K, capacity 25104K, committed 25344K, reserved 1071104K
  class space    used 2844K, capacity 3056K, committed 3072K, reserved 1048576K
}

